<?xml version="1.0" encoding="UTF-8"?>
<testng-results skipped="0" failed="0" ignored="0" total="1" passed="1">
  <reporter-output>
  </reporter-output>
  <suite name="Default suite" duration-ms="49169" started-at="2018-12-19T16:11:43Z" finished-at="2018-12-19T16:12:32Z">
    <groups>
    </groups>
    <test name="Default test" duration-ms="49169" started-at="2018-12-19T16:11:43Z" finished-at="2018-12-19T16:12:32Z">
      <class name="com.framework.test.TestSuite_001">
        <test-method status="PASS" signature="initializeDriverTest()[pri:0, instance:com.framework.test.TestSuite_001@59fa1d9b]" name="initializeDriverTest" is-config="true" duration-ms="34825" started-at="2018-12-19T16:11:43Z" finished-at="2018-12-19T16:12:17Z">
          <reporter-output>
          </reporter-output>
        </test-method> <!-- initializeDriverTest -->
        <test-method status="PASS" signature="registerUser()[pri:0, instance:com.framework.test.TestSuite_001@59fa1d9b]" name="registerUser" duration-ms="14306" started-at="2018-12-19T16:12:17Z" finished-at="2018-12-19T16:12:32Z">
          <reporter-output>
          </reporter-output>
        </test-method> <!-- registerUser -->
      </class> <!-- com.framework.test.TestSuite_001 -->
    </test> <!-- Default test -->
  </suite> <!-- Default suite -->
</testng-results>
