<?xml version="1.0" encoding="UTF-8"?>
<testng-results skipped="0" failed="0" ignored="0" total="2" passed="2">
  <reporter-output>
  </reporter-output>
  <suite name="Default suite" duration-ms="57004" started-at="2018-12-20T17:26:04Z" finished-at="2018-12-20T17:27:01Z">
    <groups>
    </groups>
    <test name="Default test" duration-ms="57004" started-at="2018-12-20T17:26:04Z" finished-at="2018-12-20T17:27:01Z">
      <class name="com.framework.test.TestSuite_001">
        <test-method status="PASS" signature="initializeDriverTest()[pri:0, instance:com.framework.test.TestSuite_001@4501b7af]" name="initializeDriverTest" is-config="true" duration-ms="33056" started-at="2018-12-20T17:26:04Z" finished-at="2018-12-20T17:26:37Z">
          <reporter-output>
          </reporter-output>
        </test-method> <!-- initializeDriverTest -->
        <test-method status="PASS" signature="registerUser()[pri:1, instance:com.framework.test.TestSuite_001@4501b7af]" name="registerUser" duration-ms="17556" started-at="2018-12-20T17:26:37Z" finished-at="2018-12-20T17:26:55Z">
          <reporter-output>
          </reporter-output>
        </test-method> <!-- registerUser -->
        <test-method status="PASS" signature="addNewUser()[pri:2, instance:com.framework.test.TestSuite_001@4501b7af]" name="addNewUser" duration-ms="6352" started-at="2018-12-20T17:26:55Z" depends-on-methods="com.framework.test.TestSuite_001.registerUser" finished-at="2018-12-20T17:27:01Z">
          <reporter-output>
          </reporter-output>
        </test-method> <!-- addNewUser -->
      </class> <!-- com.framework.test.TestSuite_001 -->
    </test> <!-- Default test -->
  </suite> <!-- Default suite -->
</testng-results>
